2026-07-20 21:50:21,453 | INFO | Probability Engine Started
2026-07-20 21:50:21,481 | INFO | Probability Calculation Completed
2026-07-20 21:50:21,482 | INFO | Confidence Assigned
2026-07-20 21:50:21,483 | INFO | Trade Bias Assigned
2026-07-20 21:50:21,492 | INFO | Ranking Completed
2026-07-20 21:50:21,508 | INFO | Probability Report Saved
2026-07-20 21:50:21,537 | INFO | Summary Printed
2026-07-20 21:50:21,644 | INFO | Probability Engine Completed Successfully
2026-07-20 21:50:21,647 | INFO | Execution Time : 0:00:00.233978
2026-07-20 22:13:52,103 | INFO | Probability Engine Started
2026-07-20 22:13:52,135 | INFO | Probability Calculation Completed
2026-07-20 22:13:52,136 | INFO | Confidence Assigned
2026-07-20 22:13:52,144 | INFO | Trade Bias Assigned
2026-07-20 22:13:52,152 | INFO | Ranking Completed
2026-07-20 22:13:52,167 | INFO | Probability Report Saved
2026-07-20 22:13:52,186 | INFO | Summary Printed
2026-07-20 22:13:52,236 | INFO | Probability Engine Completed Successfully
2026-07-20 22:13:52,239 | INFO | Execution Time : 0:00:00.201254
2026-07-20 22:31:15,578 | INFO | Probability Engine Started
2026-07-20 22:31:15,600 | INFO | Probability Calculation Completed
2026-07-20 22:31:15,601 | INFO | Confidence Assigned
2026-07-20 22:31:15,602 | INFO | Trade Bias Assigned
2026-07-20 22:31:15,609 | INFO | Ranking Completed
2026-07-20 22:31:15,623 | INFO | Probability Report Saved
2026-07-20 22:31:15,641 | INFO | Summary Printed
2026-07-20 22:31:15,662 | INFO | Probability Engine Completed Successfully
2026-07-20 22:31:15,663 | INFO | Execution Time : 0:00:00.119624
2026-07-20 22:48:43,253 | INFO | Probability Engine Started
2026-07-20 22:48:43,278 | INFO | Probability Calculation Completed
2026-07-20 22:48:43,279 | INFO | Confidence Assigned
2026-07-20 22:48:43,280 | INFO | Trade Bias Assigned
2026-07-20 22:48:43,286 | INFO | Ranking Completed
2026-07-20 22:48:43,300 | INFO | Probability Report Saved
2026-07-20 22:48:43,318 | INFO | Summary Printed
2026-07-20 22:48:43,341 | INFO | Probability Engine Completed Successfully
2026-07-20 22:48:43,343 | INFO | Execution Time : 0:00:00.126479
2026-07-20 23:02:27,574 | INFO | Probability Engine Started
2026-07-20 23:02:27,611 | INFO | Probability Calculation Completed
2026-07-20 23:02:27,612 | INFO | Confidence Assigned
2026-07-20 23:02:27,612 | INFO | Trade Bias Assigned
2026-07-20 23:02:27,619 | INFO | Ranking Completed
2026-07-20 23:02:27,632 | INFO | Probability Report Saved
2026-07-20 23:02:27,649 | INFO | Summary Printed
2026-07-20 23:02:27,683 | INFO | Probability Engine Completed Successfully
2026-07-20 23:02:27,691 | INFO | Execution Time : 0:00:00.149885
2026-07-20 23:22:28,191 | INFO | Probability Engine Started
2026-07-20 23:22:28,216 | INFO | Probability Calculation Completed
2026-07-20 23:22:28,218 | INFO | Confidence Assigned
2026-07-20 23:22:28,219 | INFO | Trade Bias Assigned
2026-07-20 23:22:28,226 | INFO | Ranking Completed
2026-07-20 23:57:12,739 | INFO | Probability Engine Started
2026-07-20 23:57:12,765 | INFO | Probability Calculation Completed
2026-07-20 23:57:12,766 | INFO | Confidence Assigned
2026-07-20 23:57:12,767 | INFO | Trade Bias Assigned
2026-07-20 23:57:12,775 | INFO | Ranking Completed
2026-07-21 00:08:44,135 | INFO | Probability Engine Started
2026-07-21 00:08:44,164 | INFO | Probability Calculation Completed
2026-07-21 00:08:44,165 | INFO | Confidence Assigned
2026-07-21 00:08:44,167 | INFO | Trade Bias Assigned
2026-07-21 00:08:44,175 | INFO | Ranking Completed
2026-07-21 00:08:44,223 | INFO | Probability Reports Saved
2026-07-21 00:08:44,241 | INFO | Summary Printed
2026-07-21 00:08:44,272 | INFO | Probability Engine Completed Successfully
2026-07-21 00:08:44,277 | INFO | Execution Time : 0:00:00.171328
